<?xml version="1.0" encoding="UTF-8"?>
<!-- Generated by org.testng.reporters.JUnitXMLReporter -->
<testsuite ignored="0" hostname="DESKTOP-20JTM33" failures="0" tests="10" name="Default test" time="4.647" errors="0" timestamp="2024-02-13T08:56:43 EST">
  <testcase classname="api.tests.DataDrivenTests" name="testPostUser" time="1.839"/>
  <testcase classname="api.tests.DataDrivenTests" name="testPostUser" time="0.148"/>
  <testcase classname="api.tests.DataDrivenTests" name="testPostUser" time="0.133"/>
  <testcase classname="api.tests.DataDrivenTests" name="testPostUser" time="0.147"/>
  <testcase classname="api.tests.DataDrivenTests" name="testPostUser" time="0.149"/>
  <testcase classname="api.tests.DataDrivenTests" name="testDeleteUserByUserName" time="0.183"/>
  <testcase classname="api.tests.DataDrivenTests" name="testDeleteUserByUserName" time="0.162"/>
  <testcase classname="api.tests.DataDrivenTests" name="testDeleteUserByUserName" time="0.155"/>
  <testcase classname="api.tests.DataDrivenTests" name="testDeleteUserByUserName" time="0.141"/>
  <testcase classname="api.tests.DataDrivenTests" name="testDeleteUserByUserName" time="0.22"/>
</testsuite> <!-- Default test -->
