<?xml version="1.0" encoding="UTF-8"?>
<testng-results ignored="0" total="4" passed="4" failed="0" skipped="0">
  <reporter-output>
  </reporter-output>
  <suite started-at="2024-02-14T06:52:28 EST" name="PetSuite" finished-at="2024-02-14T06:52:35 EST" duration-ms="7245">
    <groups>
    </groups>
    <test started-at="2024-02-14T06:52:28 EST" name="PetTests" finished-at="2024-02-14T06:52:35 EST" duration-ms="7245">
      <class name="api.tests.UserTestsUsingPropertyFile">
        <test-method is-config="true" signature="setup()[pri:0, instance:api.tests.UserTestsUsingPropertyFile@d86a6f]" started-at="2024-02-14T06:52:28 EST" name="setup" finished-at="2024-02-14T06:52:29 EST" duration-ms="1082" status="PASS">
          <reporter-output>
          </reporter-output>
        </test-method> <!-- setup -->
        <test-method signature="testPostUser()[pri:1, instance:api.tests.UserTestsUsingPropertyFile@d86a6f]" started-at="2024-02-14T06:52:29 EST" name="testPostUser" finished-at="2024-02-14T06:52:34 EST" duration-ms="4722" status="PASS">
          <reporter-output>
          </reporter-output>
        </test-method> <!-- testPostUser -->
        <test-method signature="testGetUserByName()[pri:2, instance:api.tests.UserTestsUsingPropertyFile@d86a6f]" started-at="2024-02-14T06:52:34 EST" name="testGetUserByName" finished-at="2024-02-14T06:52:34 EST" duration-ms="220" status="PASS">
          <reporter-output>
          </reporter-output>
        </test-method> <!-- testGetUserByName -->
        <test-method signature="testUpdateUserByName()[pri:3, instance:api.tests.UserTestsUsingPropertyFile@d86a6f]" started-at="2024-02-14T06:52:34 EST" name="testUpdateUserByName" finished-at="2024-02-14T06:52:35 EST" duration-ms="470" status="PASS">
          <reporter-output>
          </reporter-output>
        </test-method> <!-- testUpdateUserByName -->
        <test-method signature="testDeleteUserbyUserName()[pri:4, instance:api.tests.UserTestsUsingPropertyFile@d86a6f]" started-at="2024-02-14T06:52:35 EST" name="testDeleteUserbyUserName" finished-at="2024-02-14T06:52:35 EST" duration-ms="358" status="PASS">
          <reporter-output>
          </reporter-output>
        </test-method> <!-- testDeleteUserbyUserName -->
      </class> <!-- api.tests.UserTestsUsingPropertyFile -->
    </test> <!-- PetTests -->
  </suite> <!-- PetSuite -->
</testng-results>
