<?xml version="1.0" encoding="UTF-8"?>
<testng-results ignored="0" total="4" passed="4" failed="0" skipped="0">
  <reporter-output>
  </reporter-output>
  <suite started-at="2024-02-13T17:26:02 EST" name="PetSuite" finished-at="2024-02-13T17:26:05 EST" duration-ms="3517">
    <groups>
    </groups>
    <test started-at="2024-02-13T17:26:02 EST" name="PetTests" finished-at="2024-02-13T17:26:05 EST" duration-ms="3517">
      <class name="api.tests.UserTestsUsingPropertyFile">
        <test-method is-config="true" signature="setup()[pri:0, instance:api.tests.UserTestsUsingPropertyFile@53fdffa1]" started-at="2024-02-13T17:26:02 EST" name="setup" finished-at="2024-02-13T17:26:03 EST" duration-ms="667" status="PASS">
          <reporter-output>
          </reporter-output>
        </test-method> <!-- setup -->
        <test-method signature="testPostUser()[pri:1, instance:api.tests.UserTestsUsingPropertyFile@53fdffa1]" started-at="2024-02-13T17:26:03 EST" name="testPostUser" finished-at="2024-02-13T17:26:05 EST" duration-ms="1871" status="PASS">
          <reporter-output>
          </reporter-output>
        </test-method> <!-- testPostUser -->
        <test-method signature="testGetUserByName()[pri:2, instance:api.tests.UserTestsUsingPropertyFile@53fdffa1]" started-at="2024-02-13T17:26:05 EST" name="testGetUserByName" finished-at="2024-02-13T17:26:05 EST" duration-ms="181" status="PASS">
          <reporter-output>
          </reporter-output>
        </test-method> <!-- testGetUserByName -->
        <test-method signature="testUpdateUserByName()[pri:3, instance:api.tests.UserTestsUsingPropertyFile@53fdffa1]" started-at="2024-02-13T17:26:05 EST" name="testUpdateUserByName" finished-at="2024-02-13T17:26:05 EST" duration-ms="325" status="PASS">
          <reporter-output>
          </reporter-output>
        </test-method> <!-- testUpdateUserByName -->
        <test-method signature="testDeleteUserbyUserName()[pri:4, instance:api.tests.UserTestsUsingPropertyFile@53fdffa1]" started-at="2024-02-13T17:26:05 EST" name="testDeleteUserbyUserName" finished-at="2024-02-13T17:26:05 EST" duration-ms="202" status="PASS">
          <reporter-output>
          </reporter-output>
        </test-method> <!-- testDeleteUserbyUserName -->
      </class> <!-- api.tests.UserTestsUsingPropertyFile -->
    </test> <!-- PetTests -->
  </suite> <!-- PetSuite -->
</testng-results>
