<?xml version="1.0" encoding="UTF-8"?>
<!-- Generated by org.testng.reporters.JUnitXMLReporter -->
<testsuite ignored="0" hostname="DESKTOP-20JTM33" failures="0" tests="4" name="PetTests" time="7.245" errors="0" timestamp="2024-02-14T06:52:36 EST">
  <testcase classname="api.tests.UserTestsUsingPropertyFile" name="testPostUser" time="4.722"/>
  <testcase classname="api.tests.UserTestsUsingPropertyFile" name="testGetUserByName" time="0.22"/>
  <testcase classname="api.tests.UserTestsUsingPropertyFile" name="testUpdateUserByName" time="0.47"/>
  <testcase classname="api.tests.UserTestsUsingPropertyFile" name="testDeleteUserbyUserName" time="0.358"/>
</testsuite> <!-- PetTests -->
