<?xml version="1.0" encoding="UTF-8"?>
<!-- Generated by org.testng.reporters.JUnitXMLReporter -->
<testsuite ignored="0" hostname="DESKTOP-20JTM33" failures="0" tests="4" name="PetTests" time="3.517" errors="0" timestamp="2024-02-13T17:26:05 EST">
  <testcase classname="api.tests.UserTestsUsingPropertyFile" name="testPostUser" time="1.871"/>
  <testcase classname="api.tests.UserTestsUsingPropertyFile" name="testGetUserByName" time="0.181"/>
  <testcase classname="api.tests.UserTestsUsingPropertyFile" name="testUpdateUserByName" time="0.325"/>
  <testcase classname="api.tests.UserTestsUsingPropertyFile" name="testDeleteUserbyUserName" time="0.202"/>
</testsuite> <!-- PetTests -->
